<?xml version="1.0" encoding="UTF-8"?>
<testng-results skipped="0" failed="0" total="1" passed="1">
  <reporter-output>
  </reporter-output>
  <suite name="Suite" duration-ms="21066" started-at="2018-06-07T09:21:48Z" finished-at="2018-06-07T09:22:09Z">
    <groups>
    </groups>
    <test name="Test" duration-ms="21066" started-at="2018-06-07T09:21:48Z" finished-at="2018-06-07T09:22:09Z">
      <class name="Com.Scenarios.Tesett">
        <test-method status="PASS" signature="setUp()[pri:0, instance:Com.Scenarios.Tesett@26ec8d]" name="setUp" is-config="true" duration-ms="72" started-at="2018-06-07T14:51:48Z" finished-at="2018-06-07T14:51:48Z">
          <reporter-output>
          </reporter-output>
        </test-method> <!-- setUp -->
        <test-method status="PASS" signature="before()[pri:0, instance:Com.Scenarios.Tesett@26ec8d]" name="before" is-config="true" duration-ms="75" started-at="2018-06-07T14:51:48Z" finished-at="2018-06-07T14:51:48Z">
          <reporter-output>
          </reporter-output>
        </test-method> <!-- before -->
        <test-method status="PASS" signature="tert()[pri:0, instance:Com.Scenarios.Tesett@26ec8d]" name="tert" duration-ms="18297" started-at="2018-06-07T14:51:48Z" finished-at="2018-06-07T14:52:06Z">
          <reporter-output>
          </reporter-output>
        </test-method> <!-- tert -->
        <test-method status="PASS" signature="getResult(org.testng.ITestResult)[pri:0, instance:Com.Scenarios.Tesett@26ec8d]" name="getResult" is-config="true" duration-ms="2501" started-at="2018-06-07T14:52:06Z" finished-at="2018-06-07T14:52:09Z">
          <params>
            <param index="0">
              <value>
                <![CDATA[[TestResult name=tert status=SUCCESS method=Tesett.tert()[pri:0, instance:Com.Scenarios.Tesett@26ec8d] output={null}]]]>
              </value>
            </param>
          </params>
          <reporter-output>
          </reporter-output>
        </test-method> <!-- getResult -->
        <test-method status="PASS" signature="after()[pri:0, instance:Com.Scenarios.Tesett@26ec8d]" name="after" is-config="true" duration-ms="186" started-at="2018-06-07T14:52:09Z" finished-at="2018-06-07T14:52:09Z">
          <reporter-output>
          </reporter-output>
        </test-method> <!-- after -->
        <test-method status="PASS" signature="tearDown()[pri:0, instance:Com.Scenarios.Tesett@26ec8d]" name="tearDown" is-config="true" duration-ms="278" started-at="2018-06-07T14:52:09Z" finished-at="2018-06-07T14:52:09Z">
          <reporter-output>
          </reporter-output>
        </test-method> <!-- tearDown -->
      </class> <!-- Com.Scenarios.Tesett -->
    </test> <!-- Test -->
  </suite> <!-- Suite -->
</testng-results>
