<?xml version="1.0" encoding="UTF-8"?>
<testng-results skipped="0" failed="0" total="1" passed="1">
  <reporter-output>
  </reporter-output>
  <suite name="Suite" duration-ms="92698" started-at="2018-06-07T05:56:46Z" finished-at="2018-06-07T05:58:19Z">
    <groups>
    </groups>
    <test name="Test" duration-ms="92698" started-at="2018-06-07T05:56:46Z" finished-at="2018-06-07T05:58:19Z">
      <class name="Com.Scenarios.Tesett">
        <test-method status="PASS" signature="setUp()[pri:0, instance:Com.Scenarios.Tesett@2bd7c8]" name="setUp" is-config="true" duration-ms="79" started-at="2018-06-07T11:26:46Z" finished-at="2018-06-07T11:26:46Z">
          <reporter-output>
          </reporter-output>
        </test-method> <!-- setUp -->
        <test-method status="PASS" signature="before()[pri:0, instance:Com.Scenarios.Tesett@2bd7c8]" name="before" is-config="true" duration-ms="78" started-at="2018-06-07T11:26:46Z" finished-at="2018-06-07T11:26:46Z">
          <reporter-output>
          </reporter-output>
        </test-method> <!-- before -->
        <test-method status="PASS" signature="tert()[pri:0, instance:Com.Scenarios.Tesett@2bd7c8]" name="tert" duration-ms="89935" started-at="2018-06-07T11:26:46Z" finished-at="2018-06-07T11:28:16Z">
          <reporter-output>
          </reporter-output>
        </test-method> <!-- tert -->
        <test-method status="PASS" signature="getResult(org.testng.ITestResult)[pri:0, instance:Com.Scenarios.Tesett@2bd7c8]" name="getResult" is-config="true" duration-ms="2501" started-at="2018-06-07T11:28:16Z" finished-at="2018-06-07T11:28:19Z">
          <params>
            <param index="0">
              <value>
                <![CDATA[[TestResult name=tert status=SUCCESS method=Tesett.tert()[pri:0, instance:Com.Scenarios.Tesett@2bd7c8] output={null}]]]>
              </value>
            </param>
          </params>
          <reporter-output>
          </reporter-output>
        </test-method> <!-- getResult -->
        <test-method status="PASS" signature="after()[pri:0, instance:Com.Scenarios.Tesett@2bd7c8]" name="after" is-config="true" duration-ms="175" started-at="2018-06-07T11:28:19Z" finished-at="2018-06-07T11:28:19Z">
          <reporter-output>
          </reporter-output>
        </test-method> <!-- after -->
        <test-method status="PASS" signature="tearDown()[pri:0, instance:Com.Scenarios.Tesett@2bd7c8]" name="tearDown" is-config="true" duration-ms="300" started-at="2018-06-07T11:28:19Z" finished-at="2018-06-07T11:28:19Z">
          <reporter-output>
          </reporter-output>
        </test-method> <!-- tearDown -->
      </class> <!-- Com.Scenarios.Tesett -->
    </test> <!-- Test -->
  </suite> <!-- Suite -->
</testng-results>
