<?xml version="1.0" encoding="UTF-8"?>
<testng-results skipped="0" failed="0" total="1" passed="1">
  <reporter-output>
  </reporter-output>
  <suite name="Default suite" duration-ms="15602" started-at="2018-06-05T11:45:43Z" finished-at="2018-06-05T11:45:59Z">
    <groups>
    </groups>
    <test name="Default test" duration-ms="15602" started-at="2018-06-05T11:45:43Z" finished-at="2018-06-05T11:45:59Z">
      <class name="Com.Scenarios.Tesett">
        <test-method status="PASS" signature="setUp()[pri:0, instance:Com.Scenarios.Tesett@b5ac82]" name="setUp" is-config="true" duration-ms="78" started-at="2018-06-05T17:15:43Z" finished-at="2018-06-05T17:15:43Z">
          <reporter-output>
          </reporter-output>
        </test-method> <!-- setUp -->
        <test-method status="PASS" signature="before()[pri:0, instance:Com.Scenarios.Tesett@b5ac82]" name="before" is-config="true" duration-ms="82" started-at="2018-06-05T17:15:43Z" finished-at="2018-06-05T17:15:43Z">
          <reporter-output>
          </reporter-output>
        </test-method> <!-- before -->
        <test-method status="PASS" signature="tert()[pri:0, instance:Com.Scenarios.Tesett@b5ac82]" name="tert" duration-ms="12829" started-at="2018-06-05T17:15:43Z" finished-at="2018-06-05T17:15:56Z">
          <reporter-output>
          </reporter-output>
        </test-method> <!-- tert -->
        <test-method status="PASS" signature="getResult(org.testng.ITestResult)[pri:0, instance:Com.Scenarios.Tesett@b5ac82]" name="getResult" is-config="true" duration-ms="2501" started-at="2018-06-05T17:15:56Z" finished-at="2018-06-05T17:15:59Z">
          <params>
            <param index="0">
              <value>
                <![CDATA[[TestResult name=tert status=SUCCESS method=Tesett.tert()[pri:0, instance:Com.Scenarios.Tesett@b5ac82] output={null}]]]>
              </value>
            </param>
          </params>
          <reporter-output>
          </reporter-output>
        </test-method> <!-- getResult -->
        <test-method status="PASS" signature="after()[pri:0, instance:Com.Scenarios.Tesett@b5ac82]" name="after" is-config="true" duration-ms="180" started-at="2018-06-05T17:15:59Z" finished-at="2018-06-05T17:15:59Z">
          <reporter-output>
          </reporter-output>
        </test-method> <!-- after -->
        <test-method status="PASS" signature="tearDown()[pri:0, instance:Com.Scenarios.Tesett@b5ac82]" name="tearDown" is-config="true" duration-ms="274" started-at="2018-06-05T17:15:59Z" finished-at="2018-06-05T17:15:59Z">
          <reporter-output>
          </reporter-output>
        </test-method> <!-- tearDown -->
      </class> <!-- Com.Scenarios.Tesett -->
    </test> <!-- Default test -->
  </suite> <!-- Default suite -->
</testng-results>
